A.L.E: Arcade Learning Environment (version 0.11.2+ecc1138)
[Powered by Stella]

######################################################################
# RUN 1/1
######################################################################
  Initializing Full System with concept transfer...
  Applying 5 static concepts...
    - avoid_danger_spatial: bias=0.90
    - prefer_flat_surfaces: bias=0.75
    - target_completion: bias=0.85
    - patience_for_better_options: bias=0.80
    - emergency_response: bias=0.85

======================================================================
Baseline: full_system
Game: Breakout
Episodes: 500
======================================================================

Traceback (most recent call last):
  File "C:\Users\avata\aicompete\throng3\run_baseline_experiment.py", line 288, in <module>
    main()
    ~~~~^^
  File "C:\Users\avata\aicompete\throng3\run_baseline_experiment.py", line 281, in main
    results = experiment.run_training(episodes=args.episodes)
  File "C:\Users\avata\aicompete\throng3\run_baseline_experiment.py", line 226, in run_training
    print(f"Episode {ep+1:3d}: Score={result['score']:6.1f}, "
    ~~~~~^^^^^^^^^^^^^^^^^^^^^^^^^^^^^^^^^^^^^^^^^^^^^^^^^^^^^
          f"Avg(10)={np.mean(recent_scores):6.1f}, "
          ^^^^^^^^^^^^^^^^^^^^^^^^^^^^^^^^^^^^^^^^^^
          f"\u03b5={result['epsilon']:.3f}")
          ^^^^^^^^^^^^^^^^^^^^^^^^^^^^^
  File "C:\Python313\Lib\encodings\cp1252.py", line 19, in encode
    return codecs.charmap_encode(input,self.errors,encoding_table)[0]
           ~~~~~~~~~~~~~~~~~~~~~^^^^^^^^^^^^^^^^^^^^^^^^^^^^^^^^^^
UnicodeEncodeError: 'charmap' codec can't encode character '\u03b5' in position 43: character maps to <undefined>
